INFO: [VRFC 10-2263] Analyzing Verilog file "C:/Archlabs/lab06/lab06.srcs/sources_1/imports/new/ALU.v" into library xil_defaultlib
INFO: [VRFC 10-311] analyzing module ALU
INFO: [VRFC 10-2263] Analyzing Verilog file "C:/Archlabs/lab06/lab06.srcs/sources_1/imports/new/ALUCtr.v" into library xil_defaultlib
INFO: [VRFC 10-311] analyzing module ALUCtr
INFO: [VRFC 10-2263] Analyzing Verilog file "C:/Archlabs/lab06/lab06.srcs/sources_1/new/Cache.v" into library xil_defaultlib
INFO: [VRFC 10-311] analyzing module Cache
INFO: [VRFC 10-2263] Analyzing Verilog file "C:/Archlabs/lab06/lab06.srcs/sources_1/imports/new/Ctr.v" into library xil_defaultlib
INFO: [VRFC 10-311] analyzing module Ctr
INFO: [VRFC 10-2263] Analyzing Verilog file "C:/Archlabs/lab06/lab06.srcs/sources_1/imports/new/InstMemory.v" into library xil_defaultlib
INFO: [VRFC 10-311] analyzing module InstMemory
INFO: [VRFC 10-2263] Analyzing Verilog file "C:/Archlabs/lab06/lab06.srcs/sources_1/imports/new/Mux.v" into library xil_defaultlib
INFO: [VRFC 10-311] analyzing module Mux
INFO: [VRFC 10-2263] Analyzing Verilog file "C:/Archlabs/lab06/lab06.srcs/sources_1/imports/new/RegMux.v" into library xil_defaultlib
INFO: [VRFC 10-311] analyzing module RegMux
INFO: [VRFC 10-2263] Analyzing Verilog file "C:/Archlabs/lab06/lab06.srcs/sources_1/imports/new/Registers.v" into library xil_defaultlib
INFO: [VRFC 10-311] analyzing module Registers
INFO: [VRFC 10-2263] Analyzing Verilog file "C:/Archlabs/lab06/lab06.srcs/sources_1/imports/new/Top.v" into library xil_defaultlib
INFO: [VRFC 10-311] analyzing module Top
INFO: [VRFC 10-2263] Analyzing Verilog file "C:/Archlabs/lab06/lab06.srcs/sources_1/imports/new/dataMemory.v" into library xil_defaultlib
INFO: [VRFC 10-311] analyzing module dataMemory
INFO: [VRFC 10-2263] Analyzing Verilog file "C:/Archlabs/lab06/lab06.srcs/sources_1/imports/new/signext.v" into library xil_defaultlib
INFO: [VRFC 10-311] analyzing module signext
INFO: [VRFC 10-2263] Analyzing Verilog file "C:/Archlabs/lab06/lab06.srcs/sim_1/imports/new/test.v" into library xil_defaultlib
INFO: [VRFC 10-311] analyzing module test
